SF:lib/src/owner/features/notifications/domain/usecases/get_notifications.dart
DA:8,1
DA:12,1
DA:13,2
LF:3
LH:3
end_of_record
SF:lib/core/common/usecases/use_case.dart
DA:4,29
DA:9,2
LF:2
LH:2
end_of_record
SF:lib/core/common/entities/branch.dart
DA:4,8
DA:25,3
DA:26,3
DA:27,3
DA:28,3
DA:29,3
DA:32,1
LF:7
LH:7
end_of_record
SF:lib/src/owner/features/dashboard/domain/usecases/get_branches.dart
DA:8,1
DA:12,1
DA:14,4
DA:18,3
DA:23,1
DA:24,3
LF:6
LH:6
end_of_record
SF:lib/src/owner/features/dashboard/domain/usecases/add_branch.dart
DA:8,1
DA:12,1
DA:13,2
DA:14,1
DA:15,1
DA:20,3
DA:25,1
DA:26,3
LF:8
LH:8
end_of_record
SF:lib/src/owner/features/dashboard/domain/usecases/update_branch.dart
DA:8,1
DA:12,1
DA:14,4
DA:18,3
DA:23,1
DA:24,3
LF:6
LH:6
end_of_record
SF:lib/core/common/models/branch_model.dart
DA:7,5
DA:15,1
DA:16,2
DA:18,2
DA:19,2
DA:20,2
DA:21,2
DA:22,2
DA:23,4
DA:24,4
DA:27,1
DA:34,1
DA:36,1
DA:37,1
DA:38,1
DA:39,1
DA:43,2
DA:44,1
DA:45,1
DA:46,1
DA:47,1
DA:48,1
DA:51,3
LF:23
LH:23
end_of_record
SF:lib/core/errors/exceptions.dart
DA:6,18
LF:1
LH:1
end_of_record
SF:lib/src/owner/features/dashboard/data/repos/branches_repo_impl.dart
DA:10,1
DA:14,1
DA:17,2
DA:18,1
DA:19,1
DA:20,4
DA:24,1
DA:27,2
DA:29,1
DA:30,4
DA:34,1
DA:37,2
DA:39,1
DA:40,4
LF:14
LH:14
end_of_record
SF:lib/core/utils/constants.dart
DA:29,3
DA:30,1
DA:31,0
DA:32,0
DA:35,0
DA:40,1
LF:6
LH:3
end_of_record
SF:lib/core/common/blocs/branch/bloc/branches_state.dart
DA:4,73
DA:8,72
DA:16,72
DA:17,1
DA:18,1
DA:22,72
DA:23,1
DA:24,1
DA:28,72
DA:29,1
DA:30,1
DA:34,2
DA:38,1
DA:39,2
DA:43,72
DA:45,1
DA:46,1
DA:50,72
DA:52,1
DA:53,1
DA:57,2
DA:61,1
DA:62,2
LF:23
LH:23
end_of_record
SF:lib/core/common/blocs/branch/bloc/branches_event.dart
DA:4,1
DA:8,1
DA:19,1
DA:31,1
LF:4
LH:4
end_of_record
SF:lib/core/common/blocs/branch/bloc/branches_bloc.dart
DA:16,1
DA:23,1
DA:24,2
DA:25,2
DA:26,2
DA:33,1
DA:37,1
DA:38,2
DA:39,1
DA:40,1
DA:41,1
DA:44,1
DA:45,2
DA:46,1
DA:47,3
DA:50,2
DA:54,1
DA:58,1
DA:59,2
DA:60,1
DA:61,1
DA:62,1
DA:66,1
DA:67,2
DA:68,1
DA:69,3
DA:72,3
DA:76,1
DA:80,1
DA:81,2
DA:82,1
DA:83,1
DA:84,1
DA:88,1
DA:89,2
DA:90,1
DA:91,3
DA:94,2
LF:38
LH:38
end_of_record
SF:lib/core/common/blocs/creditors/bloc/creditor_state.dart
DA:4,73
DA:8,72
DA:16,72
DA:17,1
DA:18,1
DA:22,72
DA:23,1
DA:24,1
DA:28,72
DA:29,1
DA:30,1
DA:34,2
DA:36,1
DA:37,2
DA:41,2
DA:43,1
DA:44,2
LF:17
LH:17
end_of_record
SF:lib/core/common/blocs/creditors/bloc/creditor_bloc.dart
DA:15,1
DA:20,1
DA:21,2
DA:22,2
DA:28,1
DA:32,1
DA:33,2
DA:34,1
DA:35,1
DA:36,1
DA:40,1
DA:41,2
DA:42,1
DA:43,3
DA:46,2
DA:50,1
DA:54,1
DA:55,2
DA:56,1
DA:57,1
DA:58,1
DA:62,1
DA:63,2
DA:64,1
DA:65,3
DA:68,3
LF:26
LH:26
end_of_record
SF:lib/src/owner/features/creditors/domain/usecases/add_creditor.dart
DA:8,1
DA:12,1
DA:13,2
DA:14,1
DA:15,1
DA:20,3
DA:28,1
DA:29,1
DA:30,1
DA:31,1
LF:10
LH:10
end_of_record
SF:lib/src/owner/features/creditors/domain/usecases/get_creditors.dart
DA:9,1
DA:13,1
DA:15,2
DA:16,1
DA:17,1
DA:22,3
DA:30,1
DA:31,1
DA:32,1
DA:33,1
LF:10
LH:10
end_of_record
SF:lib/core/common/blocs/staff/bloc/staff_state.dart
DA:4,73
DA:8,72
DA:17,72
DA:18,1
DA:19,1
DA:23,72
DA:24,1
DA:25,1
DA:29,72
DA:30,1
DA:31,1
DA:35,2
DA:39,1
DA:40,2
DA:44,72
DA:46,1
DA:47,1
DA:51,72
DA:53,1
DA:54,1
DA:58,2
DA:62,1
DA:63,2
LF:23
LH:23
end_of_record
SF:lib/core/common/blocs/staff/bloc/staff_bloc.dart
DA:15,1
DA:22,1
DA:23,2
DA:24,2
DA:25,2
DA:32,1
DA:36,1
DA:37,2
DA:38,1
DA:39,1
DA:40,1
DA:44,1
DA:45,2
DA:46,1
DA:47,3
DA:50,2
DA:54,1
DA:58,1
DA:59,2
DA:60,1
DA:61,1
DA:62,1
DA:66,1
DA:67,2
DA:68,1
DA:69,3
DA:72,3
DA:76,1
DA:80,1
DA:81,2
DA:82,1
DA:83,1
DA:84,1
DA:88,1
DA:89,2
DA:90,1
DA:91,3
DA:94,2
LF:38
LH:38
end_of_record
SF:lib/src/owner/features/staff/domain/usecases/add_staff.dart
DA:8,1
DA:12,1
DA:13,2
DA:14,1
DA:15,1
DA:20,3
DA:25,1
DA:26,3
LF:8
LH:8
end_of_record
SF:lib/src/owner/features/staff/domain/usecases/get_staff.dart
DA:8,1
DA:12,1
DA:14,4
DA:18,3
DA:23,1
DA:24,3
LF:6
LH:6
end_of_record
SF:lib/src/owner/features/staff/domain/usecases/update_staff.dart
DA:8,1
DA:12,1
DA:14,4
DA:18,3
DA:23,1
DA:24,3
LF:6
LH:6
end_of_record
SF:lib/core/common/blocs/tanks/bloc/tank_state.dart
DA:4,74
DA:8,73
DA:16,72
DA:17,1
DA:18,1
DA:22,72
DA:23,1
DA:24,1
DA:28,72
DA:29,1
DA:30,1
DA:34,2
DA:36,1
DA:37,2
DA:41,2
DA:43,1
DA:44,2
LF:17
LH:17
end_of_record
SF:lib/core/common/blocs/tanks/bloc/tank_bloc.dart
DA:15,1
DA:20,1
DA:21,2
DA:22,2
DA:28,1
DA:32,1
DA:33,2
DA:34,1
DA:35,1
DA:36,1
DA:40,1
DA:41,2
DA:42,1
DA:43,3
DA:46,2
DA:50,1
DA:54,1
DA:55,2
DA:56,1
DA:57,1
DA:58,1
DA:62,1
DA:63,2
DA:64,1
DA:65,3
DA:68,3
LF:26
LH:26
end_of_record
SF:lib/src/owner/features/tanks/domain/usecases/add_tank.dart
DA:8,1
DA:12,1
DA:13,2
DA:14,1
DA:15,1
DA:20,3
DA:28,1
DA:29,1
DA:30,1
DA:31,1
LF:10
LH:10
end_of_record
SF:lib/src/owner/features/tanks/domain/usecases/get_tanks.dart
DA:8,1
DA:12,1
DA:13,2
DA:14,1
DA:15,1
DA:20,3
DA:28,1
DA:29,1
DA:30,1
DA:31,1
LF:10
LH:10
end_of_record
SF:lib/core/common/features/transaction/domain/entities/transaction.dart
DA:6,2
DA:20,4
DA:27,4
DA:52,1
DA:53,1
DA:54,1
DA:55,1
DA:56,1
DA:57,1
DA:58,1
DA:59,1
DA:60,1
DA:61,1
DA:62,1
DA:63,1
DA:64,1
LF:16
LH:16
end_of_record
SF:lib/core/common/features/auth/domain/usecases/change_default_password.dart
DA:8,3
DA:12,1
DA:14,2
DA:15,1
DA:16,1
DA:17,1
DA:22,3
DA:32,1
DA:33,1
DA:34,1
DA:35,1
DA:36,1
LF:12
LH:12
end_of_record
SF:lib/core/common/features/auth/domain/usecases/delete_user.dart
DA:6,3
DA:10,1
DA:11,2
LF:3
LH:3
end_of_record
SF:lib/core/common/features/auth/domain/usecases/resent_otp.dart
DA:6,3
DA:10,1
DA:11,2
LF:3
LH:3
end_of_record
SF:lib/core/common/features/auth/domain/usecases/reset_forgotten_password.dart
DA:8,3
DA:12,1
DA:14,2
DA:15,1
DA:16,1
DA:21,3
DA:29,1
DA:30,1
DA:31,1
DA:32,1
LF:10
LH:10
end_of_record
SF:lib/core/common/features/auth/domain/usecases/verify.dart
DA:7,3
DA:11,1
DA:12,2
DA:13,1
DA:14,1
DA:19,3
DA:24,1
DA:25,3
LF:8
LH:8
end_of_record
SF:lib/core/common/widgets/i_app_bar.dart
DA:5,995
DA:15,4
DA:25,4
DA:27,8
DA:28,4
DA:29,4
DA:31,4
DA:32,3
DA:33,3
DA:34,3
DA:36,3
DA:37,3
DA:51,4
DA:52,4
DA:53,4
DA:54,4
DA:56,3
DA:57,6
LF:18
LH:18
end_of_record
SF:lib/core/common/widgets/i_loader.dart
DA:5,3
DA:20,3
DA:22,3
DA:23,3
DA:24,3
DA:25,3
LF:6
LH:6
end_of_record
SF:lib/core/common/widgets/round_filled_button.dart
DA:6,5
DA:21,5
DA:23,10
DA:24,5
DA:25,5
DA:26,5
DA:28,28
DA:29,5
DA:30,5
DA:33,2
DA:34,6
DA:35,4
DA:37,5
DA:38,5
DA:40,5
DA:41,5
DA:42,10
LF:17
LH:17
end_of_record
SF:lib/core/common/features/auth/presentation/widgets/sign_in_info_text.dart
DA:7,71
DA:9,1
DA:11,2
DA:12,1
DA:14,1
DA:16,1
DA:17,2
LF:7
LH:7
end_of_record
SF:lib/core/common/features/auth/presentation/widgets/title_text.dart
DA:5,71
DA:9,1
DA:11,2
DA:12,1
DA:13,1
DA:15,1
DA:16,2
LF:7
LH:7
end_of_record
SF:lib/core/common/widgets/responsive_safe_area.dart
DA:9,2
DA:13,2
DA:15,2
DA:16,2
DA:17,8
LF:5
LH:5
end_of_record
SF:lib/core/common/widgets/vector_icon.dart
DA:6,356
DA:13,1
DA:17,1
DA:26,2
DA:28,4
DA:29,2
DA:30,2
DA:31,2
DA:32,8
DA:33,8
DA:34,2
DA:44,2
LF:12
LH:12
end_of_record
SF:lib/core/common/features/transaction/data/models/transaction_model.dart
DA:7,2
DA:21,1
DA:22,2
DA:24,2
DA:25,2
DA:26,4
DA:27,4
DA:28,4
DA:29,2
DA:30,2
DA:31,2
DA:32,4
DA:33,4
DA:34,4
DA:35,4
DA:36,4
DA:39,1
DA:52,1
DA:54,1
DA:55,1
DA:56,1
DA:57,1
DA:58,1
DA:59,1
DA:60,1
DA:61,1
DA:62,1
DA:63,1
DA:67,1
DA:68,1
DA:69,1
DA:70,2
DA:71,2
DA:72,1
DA:73,1
DA:74,1
DA:75,3
DA:76,2
DA:78,1
DA:79,1
DA:80,1
DA:81,1
DA:85,3
LF:43
LH:43
end_of_record
SF:lib/core/common/features/transaction/data/repos/transaction_repo_impl.dart
DA:11,1
DA:15,1
DA:21,2
DA:25,1
DA:26,1
DA:27,4
DA:31,1
DA:37,2
DA:41,1
DA:42,1
DA:43,4
DA:47,1
DA:53,2
DA:55,1
DA:56,4
DA:60,1
DA:66,2
LF:17
LH:17
end_of_record
SF:lib/core/common/features/transaction/domain/presentation/bloc/transaction_bloc.dart
DA:18,1
DA:27,1
DA:28,2
DA:29,2
DA:30,2
DA:31,2
DA:39,1
DA:43,1
DA:44,2
DA:45,1
DA:46,1
DA:47,1
DA:50,1
DA:51,2
DA:52,1
DA:53,3
DA:56,3
DA:60,1
DA:64,1
DA:65,2
DA:66,1
DA:67,1
DA:68,1
DA:71,1
DA:72,2
DA:73,1
DA:74,3
DA:77,3
DA:81,1
DA:85,1
DA:86,2
DA:87,1
DA:88,1
DA:89,1
DA:92,1
DA:93,2
DA:94,1
DA:95,3
DA:98,2
DA:102,1
DA:106,1
DA:107,2
DA:108,1
DA:109,1
DA:110,1
DA:113,1
DA:114,2
DA:115,1
DA:116,3
DA:119,2
LF:50
LH:50
end_of_record
SF:lib/core/common/features/transaction/domain/usecases/declare_payment.dart
DA:8,1
DA:12,1
DA:14,2
DA:15,1
DA:16,1
DA:21,2
LF:6
LH:6
end_of_record
SF:lib/core/common/features/transaction/domain/usecases/declare_transaction.dart
DA:9,1
DA:13,1
DA:15,2
DA:16,1
DA:17,1
DA:22,2
LF:6
LH:6
end_of_record
SF:lib/core/common/features/transaction/domain/usecases/get_payments.dart
DA:8,1
DA:12,1
DA:14,2
DA:15,1
DA:16,1
DA:21,3
LF:6
LH:6
end_of_record
SF:lib/core/common/features/transaction/domain/usecases/get_transactions.dart
DA:9,1
DA:13,1
DA:15,2
DA:16,1
DA:17,1
DA:22,3
LF:6
LH:6
end_of_record
SF:lib/core/common/models/creditor_model.dart
DA:9,2
DA:23,1
DA:24,2
DA:26,2
DA:27,2
DA:28,4
DA:29,2
DA:30,2
DA:31,2
DA:32,2
DA:33,4
DA:34,4
DA:35,4
DA:36,4
DA:39,1
DA:52,1
DA:54,1
DA:55,1
DA:56,1
DA:57,1
DA:58,1
DA:59,1
DA:60,1
DA:61,1
DA:62,1
DA:63,1
DA:67,1
DA:68,1
DA:69,1
DA:70,1
DA:71,1
DA:72,1
DA:73,1
DA:74,2
DA:75,2
DA:76,2
DA:77,1
DA:81,3
LF:38
LH:38
end_of_record
SF:lib/core/common/models/meter_model.dart
DA:7,3
DA:18,1
DA:19,2
DA:21,2
DA:22,2
DA:23,4
DA:24,2
DA:25,4
DA:27,4
DA:29,4
DA:30,4
DA:31,4
DA:32,4
DA:35,1
DA:45,1
DA:47,1
DA:48,1
DA:49,1
DA:50,1
DA:51,1
DA:52,1
DA:53,1
DA:57,1
DA:58,1
DA:59,1
DA:60,1
DA:61,2
DA:62,2
DA:63,2
DA:64,1
DA:65,1
DA:66,1
DA:70,3
LF:33
LH:33
end_of_record
SF:lib/core/common/models/tank_model.dart
DA:7,3
DA:18,1
DA:19,2
DA:21,2
DA:22,2
DA:23,4
DA:24,2
DA:25,4
DA:26,4
DA:28,4
DA:30,4
DA:31,4
DA:32,4
DA:35,1
DA:45,1
DA:47,1
DA:48,1
DA:49,1
DA:51,1
DA:52,1
DA:53,1
DA:54,1
DA:58,1
DA:59,1
DA:60,1
DA:61,1
DA:62,1
DA:63,2
DA:64,2
DA:65,2
DA:66,1
DA:67,1
DA:71,3
LF:33
LH:33
end_of_record
SF:lib/core/common/widgets/i_logo.dart
DA:6,71
DA:15,71
DA:30,4
DA:32,8
DA:33,4
DA:34,4
DA:35,4
DA:36,12
DA:37,12
DA:38,4
DA:40,4
DA:41,4
DA:43,12
DA:44,4
DA:46,4
DA:47,12
DA:53,4
DA:55,4
DA:56,4
DA:57,4
LF:20
LH:20
end_of_record
SF:lib/src/owner/features/creditors/data/datasources/creditor_remote_data_src.dart
DA:21,1
DA:25,1
DA:28,3
DA:29,2
DA:31,2
DA:32,1
DA:33,1
DA:34,1
DA:35,1
DA:36,1
DA:37,2
DA:38,1
DA:40,1
DA:42,4
DA:43,1
DA:44,1
DA:45,1
DA:48,1
DA:57,1
DA:60,1
DA:61,2
DA:62,1
DA:64,3
DA:65,2
DA:66,1
DA:67,1
DA:68,1
DA:71,3
DA:72,1
DA:73,1
DA:74,1
LF:31
LH:31
end_of_record
SF:lib/src/owner/features/creditors/data/repos/creditor_repo_impl.dart
DA:10,1
DA:14,1
DA:17,2
DA:19,1
DA:20,4
DA:24,1
DA:30,2
DA:31,1
DA:32,1
DA:33,4
LF:10
LH:10
end_of_record
SF:lib/src/owner/features/pumps/data/datasources/meter_remote_data_src.dart
DA:27,1
DA:31,1
DA:37,1
DA:38,2
DA:39,1
DA:41,3
DA:42,2
DA:43,3
DA:44,1
DA:45,1
DA:47,1
DA:48,1
DA:49,1
DA:51,1
DA:54,2
DA:58,1
DA:64,1
DA:65,2
DA:66,2
DA:68,2
DA:70,2
DA:71,1
DA:72,1
DA:73,1
DA:75,1
DA:77,2
DA:78,1
DA:79,1
DA:80,1
DA:83,1
LF:30
LH:30
end_of_record
SF:lib/src/owner/features/pumps/data/repos/meter_repo_impl.dart
DA:10,1
DA:14,1
DA:21,2
DA:22,1
DA:23,1
DA:24,4
DA:28,1
DA:34,2
DA:36,1
DA:37,4
LF:10
LH:10
end_of_record
SF:lib/src/owner/features/pumps/domain/usecases/get_meters.dart
DA:8,1
DA:12,1
DA:13,2
DA:14,1
DA:15,1
DA:20,3
DA:28,1
DA:29,1
DA:30,1
DA:31,1
LF:10
LH:10
end_of_record
SF:lib/src/owner/features/pumps/domain/usecases/update_meter.dart
DA:8,1
DA:12,1
DA:13,2
DA:14,1
DA:15,1
DA:20,3
DA:28,1
DA:29,1
DA:30,1
DA:31,1
LF:10
LH:10
end_of_record
SF:lib/src/owner/features/pumps/presentation/bloc/meter_state.dart
DA:4,73
DA:8,72
DA:16,72
DA:17,1
DA:18,1
DA:22,72
DA:23,1
DA:24,1
DA:28,72
DA:29,1
DA:30,1
DA:34,2
DA:36,1
DA:37,2
DA:41,2
DA:43,1
DA:44,2
LF:17
LH:17
end_of_record
SF:lib/src/owner/features/pumps/presentation/bloc/meter_bloc.dart
DA:13,1
DA:18,1
DA:19,2
DA:20,2
DA:26,1
DA:30,1
DA:31,4
DA:32,2
DA:33,2
DA:34,1
DA:36,1
DA:39,1
DA:40,2
DA:41,1
DA:42,3
DA:45,1
DA:46,4
DA:47,1
DA:49,1
DA:56,1
DA:60,1
DA:61,2
DA:62,1
DA:63,1
DA:64,1
DA:67,1
DA:68,2
DA:69,1
DA:70,3
DA:73,3
LF:30
LH:30
end_of_record
SF:lib/src/owner/features/staff/data/repos/staff_repo_impl.dart
DA:10,1
DA:14,1
DA:17,2
DA:18,1
DA:19,1
DA:20,4
DA:24,1
DA:27,2
DA:29,1
DA:30,4
DA:34,1
DA:37,2
DA:39,1
DA:40,4
LF:14
LH:14
end_of_record
SF:lib/src/owner/features/tanks/data/datasources/tank_remote_data_src.dart
DA:27,1
DA:31,1
DA:37,3
DA:38,2
DA:40,2
DA:41,1
DA:42,1
DA:43,1
DA:44,1
DA:45,1
DA:46,1
DA:48,1
DA:50,4
DA:51,1
DA:52,1
DA:53,1
DA:56,1
DA:65,1
DA:72,4
DA:73,3
DA:74,2
DA:75,1
DA:76,1
DA:77,1
DA:80,3
DA:81,1
DA:82,1
DA:83,1
LF:28
LH:28
end_of_record
SF:lib/src/owner/features/tanks/data/repos/tank_repo_impl.dart
DA:10,1
DA:14,1
DA:20,2
DA:22,1
DA:23,4
DA:27,1
DA:34,2
DA:35,1
DA:36,1
DA:37,4
LF:10
LH:10
end_of_record
SF:lib/src/settings/features/notifications/data/datasources/notifications_settings_local_data_src.dart
DA:15,1
DA:19,1
DA:22,2
DA:24,1
DA:26,1
DA:28,1
DA:32,1
DA:35,3
DA:37,1
LF:9
LH:9
end_of_record
SF:lib/src/settings/features/notifications/data/repos/notifications_settings_repo_impl.dart
DA:11,1
DA:15,1
DA:18,3
DA:19,1
DA:20,2
DA:24,1
DA:27,3
DA:28,1
DA:29,2
LF:9
LH:9
end_of_record
SF:lib/src/settings/features/notifications/domain/usecases/get_settings.dart
DA:7,1
DA:11,1
DA:12,2
LF:3
LH:3
end_of_record
SF:lib/src/settings/features/notifications/domain/usecases/save_settings.dart
DA:7,1
DA:11,1
DA:12,2
LF:3
LH:3
end_of_record
SF:lib/src/settings/features/notifications/presentation/cubit/notification_settings_state.dart
DA:4,73
DA:10,1
DA:21,1
DA:26,1
DA:35,1
DA:36,4
LF:6
LH:6
end_of_record
SF:lib/src/settings/features/notifications/presentation/cubit/notification_settings_cubit.dart
DA:16,1
DA:21,2
DA:22,1
DA:28,1
DA:29,2
DA:30,2
DA:31,1
DA:32,3
DA:33,2
DA:34,2
DA:35,1
DA:36,1
DA:37,1
DA:43,1
DA:44,1
DA:46,3
DA:47,1
DA:49,2
DA:50,3
DA:52,2
DA:53,1
DA:55,2
DA:56,2
DA:57,1
DA:58,1
DA:59,1
DA:65,1
DA:66,1
DA:68,2
DA:72,1
DA:73,1
DA:75,2
DA:79,1
DA:80,1
DA:82,2
LF:35
LH:35
end_of_record
SF:lib/src/staff/features/dashboard/data/datasources/daily_progress_remote_data_src.dart
DA:20,1
DA:24,1
DA:31,1
DA:32,1
DA:33,3
DA:38,3
DA:39,2
DA:40,2
DA:42,1
DA:43,1
DA:44,1
DA:46,1
LF:12
LH:12
end_of_record
SF:lib/src/staff/features/dashboard/data/repos/daily_progress_repo_impl.dart
DA:10,1
DA:14,1
DA:21,2
DA:26,1
DA:27,1
DA:28,4
LF:6
LH:6
end_of_record
SF:lib/src/staff/features/dashboard/domain/repos/daily_progress_repo.dart
LF:0
LH:0
end_of_record
SF:lib/src/staff/features/dashboard/domain/usecases/get_progress.dart
DA:8,1
DA:12,1
DA:14,2
DA:15,1
DA:16,1
DA:17,1
DA:22,1
LF:7
LH:7
end_of_record
SF:lib/src/staff/features/meter/data/repos/meter_report_repo_impl.dart
DA:10,1
DA:14,1
DA:21,2
DA:26,1
DA:27,1
DA:28,4
DA:32,1
DA:38,2
DA:39,2
DA:45,1
DA:46,4
LF:11
LH:11
end_of_record
SF:lib/src/staff/features/meter/domain/usecases/get_meter_reports.dart
DA:9,1
DA:13,1
DA:15,2
DA:16,1
DA:17,1
DA:18,1
DA:23,3
DA:33,1
DA:34,1
DA:35,1
DA:36,1
DA:37,1
LF:12
LH:12
end_of_record
SF:lib/src/staff/features/meter/domain/usecases/submit_meter_reports.dart
DA:9,1
DA:13,1
DA:15,2
DA:16,1
DA:17,1
DA:22,3
DA:30,1
DA:31,1
DA:32,1
DA:33,1
LF:10
LH:10
end_of_record
SF:lib/src/staff/features/meter/presentation/cubit/meter_report_cubit.dart
DA:11,1
DA:16,1
DA:21,1
DA:26,1
DA:27,2
DA:28,1
DA:29,3
DA:35,1
DA:36,2
DA:37,4
DA:39,3
DA:43,1
DA:47,1
DA:48,2
DA:49,1
DA:55,1
DA:56,2
DA:57,4
DA:59,2
LF:19
LH:19
end_of_record
SF:lib/src/staff/features/expense/presentation/views/expense_screen.dart
DA:10,71
DA:14,1
DA:16,1
DA:24,1
DA:25,1
LF:5
LH:5
end_of_record
SF:lib/src/staff/features/revenue/presentation/views/revenue_screen.dart
DA:14,71
DA:18,1
DA:19,1
DA:51,0
DA:52,0
DA:53,0
DA:55,1
DA:57,2
DA:58,3
DA:59,1
DA:64,1
DA:65,1
DA:66,1
DA:67,2
DA:68,2
DA:71,1
DA:75,1
DA:76,1
DA:77,1
DA:78,1
DA:79,2
DA:80,2
DA:82,1
DA:83,2
DA:84,1
DA:85,2
DA:87,2
DA:88,2
DA:90,2
DA:91,0
DA:92,0
DA:93,0
DA:97,2
DA:101,1
DA:102,3
DA:109,1
DA:111,0
DA:112,0
DA:113,0
LF:39
LH:30
end_of_record
SF:lib/src/staff/features/splash/presentation/views/splash_screen.dart
DA:8,72
DA:12,4
DA:13,4
DA:22,4
DA:24,8
DA:31,8
DA:34,4
DA:35,8
DA:38,4
DA:39,4
DA:40,4
DA:44,4
DA:47,4
DA:49,8
DA:50,8
DA:51,4
DA:54,4
DA:56,4
DA:58,4
DA:59,4
LF:20
LH:20
end_of_record
SF:lib/src/settings/features/notifications/data/models/settings_model.dart
DA:7,7
DA:13,2
DA:14,4
DA:16,2
DA:17,2
DA:18,2
DA:19,2
DA:20,2
DA:23,1
DA:28,1
DA:38,4
DA:39,2
DA:40,2
DA:41,2
DA:44,6
LF:15
LH:15
end_of_record
SF:lib/src/settings/features/notifications/domain/entities/settings.dart
DA:4,9
DA:14,2
DA:15,2
DA:16,2
DA:17,2
DA:18,2
LF:6
LH:6
end_of_record
SF:lib/src/staff/features/dashboard/data/models/progress_ratio_model.dart
DA:7,147
DA:12,143
DA:14,1
DA:15,2
DA:17,3
DA:18,3
DA:19,6
DA:20,6
DA:23,2
DA:27,2
DA:29,2
DA:33,2
DA:34,2
DA:35,2
DA:36,2
DA:40,3
LF:16
LH:16
end_of_record
SF:lib/src/staff/features/dashboard/domain/entities/daily_progress.dart
DA:6,4
DA:12,1
DA:28,2
DA:29,2
DA:30,2
DA:31,2
DA:32,2
LF:7
LH:7
end_of_record
SF:lib/src/staff/features/dashboard/domain/entities/progress_ratio.dart
DA:4,147
DA:16,3
DA:17,3
DA:18,3
DA:19,3
LF:5
LH:5
end_of_record
SF:lib/src/staff/features/meter/data/models/meter_report_model.dart
DA:7,3
DA:19,3
DA:20,3
DA:24,3
DA:25,3
DA:32,1
DA:33,2
DA:35,2
DA:36,2
DA:37,4
DA:38,4
DA:39,4
DA:40,4
DA:41,4
DA:42,4
DA:43,4
DA:44,4
DA:45,4
DA:48,3
DA:59,3
DA:60,3
DA:61,3
DA:62,3
DA:63,1
DA:64,2
DA:65,3
DA:66,3
DA:67,3
DA:68,3
DA:72,1
DA:73,1
DA:74,1
DA:75,2
DA:76,2
DA:77,2
DA:78,2
DA:79,1
DA:80,1
DA:81,1
DA:82,1
DA:86,3
LF:41
LH:41
end_of_record
SF:lib/src/staff/features/meter/domain/entities/meter_report.dart
DA:4,3
DA:16,1
DA:20,1
DA:21,1
DA:37,1
DA:38,1
DA:39,1
DA:40,1
DA:41,1
DA:42,1
DA:43,1
DA:44,1
DA:45,1
DA:46,1
DA:47,1
LF:15
LH:15
end_of_record
SF:lib/app/view/app.dart
DA:17,1
DA:19,1
DA:21,1
DA:23,1
DA:26,1
DA:33,1
LF:6
LH:6
end_of_record
